[debug] [2020-03-05T16:58:31.443Z] ----------------------------------------------------------------------
[debug] [2020-03-05T16:58:31.455Z] Command:       D:\Program Files\nodejs\node.exe C:\Users\rafae_qlijc31\AppData\Roaming\npm\node_modules\firebase-tools\lib\bin\firebase.js deploy
[debug] [2020-03-05T16:58:31.456Z] CLI Version:   7.13.1
[debug] [2020-03-05T16:58:31.456Z] Platform:      win32
[debug] [2020-03-05T16:58:31.456Z] Node Version:  v13.9.0
[debug] [2020-03-05T16:58:31.514Z] Time:          Thu Mar 05 2020 11:58:31 GMT-0500 (Colombia Standard Time)
[debug] [2020-03-05T16:58:31.514Z] ----------------------------------------------------------------------
[debug] [2020-03-05T16:58:31.514Z] 
[debug] [2020-03-05T16:58:31.526Z] > command requires scopes: ["email","openid","https://www.googleapis.com/auth/cloudplatformprojects.readonly","https://www.googleapis.com/auth/firebase","https://www.googleapis.com/auth/cloud-platform"]
[debug] [2020-03-05T16:58:31.526Z] > authorizing via signed-in user
[debug] [2020-03-05T16:58:31.527Z] [iam] checking project galvez-car-services for permissions ["firebase.projects.get","firebasehosting.sites.update"]
[debug] [2020-03-05T16:58:31.530Z] > refreshing access token with scopes: ["email","https://www.googleapis.com/auth/cloud-platform","https://www.googleapis.com/auth/cloudplatformprojects.readonly","https://www.googleapis.com/auth/firebase","openid"]
[debug] [2020-03-05T16:58:31.530Z] >>> HTTP REQUEST POST https://www.googleapis.com/oauth2/v3/token  
 <request body omitted>
[debug] [2020-03-05T16:58:32.004Z] <<< HTTP RESPONSE 200
[debug] [2020-03-05T16:58:32.013Z] >>> HTTP REQUEST POST https://cloudresourcemanager.googleapis.com/v1/projects/galvez-car-services:testIamPermissions  

[debug] [2020-03-05T16:58:32.502Z] <<< HTTP RESPONSE 200
[debug] [2020-03-05T16:58:32.503Z] >>> HTTP REQUEST GET https://firebase.googleapis.com/v1beta1/projects/galvez-car-services  
 
[debug] [2020-03-05T16:58:32.952Z] <<< HTTP RESPONSE 200
[info] 
[info] === Deploying to 'galvez-car-services'...
[info] 
[info] i  deploying hosting
[debug] [2020-03-05T16:58:32.954Z] >>> HTTP REQUEST POST https://firebasehosting.googleapis.com/v1beta1/sites/galvez-car-services/versions  

[debug] [2020-03-05T16:58:43.382Z] <<< HTTP RESPONSE 503
[debug] [2020-03-05T16:58:43.382Z] <<< HTTP RESPONSE BODY
[error] 
[error] Error: HTTP Error: 503, The service is currently unavailable.
[debug] [2020-03-05T16:58:43.385Z] Error Context: {
  "body": {
    "error": {
      "code": 503,
      "message": "The service is currently unavailable.",
      "status": "UNAVAILABLE"
    }
  },
  "response": {
    "statusCode": 503,
    "body": {
      "error": {
        "code": 503,
        "message": "The service is currently unavailable.",
        "status": "UNAVAILABLE"
      }
    },
    "headers": {
      "vary": "X-Origin, Referer, Origin,Accept-Encoding",
      "content-type": "application/json; charset=UTF-8",
      "date": "Thu, 05 Mar 2020 16:58:45 GMT",
      "server": "ESF",
      "cache-control": "private",
      "x-xss-protection": "0",
      "x-frame-options": "SAMEORIGIN",
      "x-content-type-options": "nosniff",
      "alt-svc": "quic=\":443\"; ma=2592000; v=\"46,43\",h3-Q050=\":443\"; ma=2592000,h3-Q049=\":443\"; ma=2592000,h3-Q048=\":443\"; ma=2592000,h3-Q046=\":443\"; ma=2592000,h3-Q043=\":443\"; ma=2592000",
      "accept-ranges": "none",
      "transfer-encoding": "chunked"
    },
    "request": {
      "uri": {
        "protocol": "https:",
        "slashes": true,
        "auth": null,
        "host": "firebasehosting.googleapis.com",
        "port": 443,
        "hostname": "firebasehosting.googleapis.com",
        "hash": null,
        "search": null,
        "query": null,
        "pathname": "/v1beta1/sites/galvez-car-services/versions",
        "path": "/v1beta1/sites/galvez-car-services/versions",
        "href": "https://firebasehosting.googleapis.com/v1beta1/sites/galvez-car-services/versions"
      },
      "method": "POST"
    }
  }
}
